<?xml version="1.0" encoding="UTF-8"?>
<testng-results ignored="0" total="1" passed="1" failed="0" skipped="0">
  <reporter-output>
  </reporter-output>
  <suite started-at="2023-06-18T15:35:54 IST" name="Default suite" finished-at="2023-06-18T15:36:04 IST" duration-ms="9555">
    <groups>
    </groups>
    <test started-at="2023-06-18T15:35:54 IST" name="Default test" finished-at="2023-06-18T15:36:04 IST" duration-ms="9555">
      <class name="automseletest.Tc_linkText_001">
        <test-method is-config="true" signature="setUp()[pri:0, instance:automseletest.Tc_linkText_001@17f9d882]" started-at="2023-06-18T15:35:54 IST" name="setUp" finished-at="2023-06-18T15:36:02 IST" duration-ms="7302" status="PASS">
          <reporter-output>
          </reporter-output>
        </test-method> <!-- setUp -->
        <test-method signature="linkTest()[pri:0, instance:automseletest.Tc_linkText_001@17f9d882]" started-at="2023-06-18T15:36:02 IST" name="linkTest" finished-at="2023-06-18T15:36:04 IST" duration-ms="2022" status="PASS">
          <reporter-output>
          </reporter-output>
        </test-method> <!-- linkTest -->
        <test-method is-config="true" signature="tearDown()[pri:0, instance:automseletest.Tc_linkText_001@17f9d882]" started-at="2023-06-18T15:36:04 IST" name="tearDown" finished-at="2023-06-18T15:36:04 IST" duration-ms="188" status="PASS">
          <reporter-output>
          </reporter-output>
        </test-method> <!-- tearDown -->
      </class> <!-- automseletest.Tc_linkText_001 -->
    </test> <!-- Default test -->
  </suite> <!-- Default suite -->
</testng-results>
